# JRE version: OpenJDK Runtime Environment (8.0_91-b14) (build 1.8.0_91-8u91-b14-0ubuntu4~15.10.1-b14)
# Java VM: OpenJDK 64-Bit Server VM (25.91-b14 mixed mode linux-amd64 compressed oops)
Heap:
 PSYoungGen      total 479744K, used 1634K [0x00000000e1780000, 0x0000000100000000, 0x0000000100000000)
  eden space 460288K, 0% used [0x00000000e1780000,0x00000000e1780000,0x00000000fd900000)
  from space 19456K, 8% used [0x00000000feb00000,0x00000000fec98840,0x00000000ffe00000)
  to   space 18432K, 0% used [0x00000000fd900000,0x00000000fd900000,0x00000000feb00000)
 ParOldGen       total 706048K, used 705786K [0x00000000a4600000, 0x00000000cf780000, 0x00000000e1780000)
  object space 706048K, 99% used [0x00000000a4600000,0x00000000cf73eb30,0x00000000cf780000)
 Metaspace       used 12648K, capacity 12752K, committed 12928K, reserved 1060864K
  class space    used 1871K, capacity 1904K, committed 1920K, reserved 1048576K
GC Heap History (10 events):
Event: 556,283 GC heap after
Heap after GC invocations=445 (full 7):
 PSYoungGen      total 478208K, used 14752K [0x00000000e1780000, 0x0000000100000000, 0x0000000100000000)
  eden space 459264K, 0% used [0x00000000e1780000,0x00000000e1780000,0x00000000fd800000)
  from space 18944K, 77% used [0x00000000fed80000,0x00000000ffbe8000,0x0000000100000000)
  to   space 20480K, 0% used [0x00000000fd800000,0x00000000fd800000,0x00000000fec00000)
 ParOldGen       total 706048K, used 690157K [0x00000000a4600000, 0x00000000cf780000, 0x00000000e1780000)
  object space 706048K, 97% used [0x00000000a4600000,0x00000000ce7fb7e0,0x00000000cf780000)
 Metaspace       used 12648K, capacity 12752K, committed 12928K, reserved 1060864K
  class space    used 1871K, capacity 1904K, committed 1920K, reserved 1048576K
}
Event: 557,523 GC heap before
{Heap before GC invocations=446 (full 7):
 PSYoungGen      total 478208K, used 474016K [0x00000000e1780000, 0x0000000100000000, 0x0000000100000000)
  eden space 459264K, 100% used [0x00000000e1780000,0x00000000fd800000,0x00000000fd800000)
  from space 18944K, 77% used [0x00000000fed80000,0x00000000ffbe8000,0x0000000100000000)
  to   space 20480K, 0% used [0x00000000fd800000,0x00000000fd800000,0x00000000fec00000)
 ParOldGen       total 706048K, used 690157K [0x00000000a4600000, 0x00000000cf780000, 0x00000000e1780000)
  object space 706048K, 97% used [0x00000000a4600000,0x00000000ce7fb7e0,0x00000000cf780000)
 Metaspace       used 12648K, capacity 12752K, committed 12928K, reserved 1060864K
  class space    used 1871K, capacity 1904K, committed 1920K, reserved 1048576K
Event: 557,620 GC heap after
Heap after GC invocations=446 (full 7):
 PSYoungGen      total 479744K, used 13280K [0x00000000e1780000, 0x0000000100000000, 0x0000000100000000)
  eden space 459264K, 0% used [0x00000000e1780000,0x00000000e1780000,0x00000000fd800000)
  from space 20480K, 64% used [0x00000000fd800000,0x00000000fe4f8000,0x00000000fec00000)
  to   space 20480K, 0% used [0x00000000fec00000,0x00000000fec00000,0x0000000100000000)
 ParOldGen       total 706048K, used 693109K [0x00000000a4600000, 0x00000000cf780000, 0x00000000e1780000)
  object space 706048K, 98% used [0x00000000a4600000,0x00000000ceadd7e0,0x00000000cf780000)
 Metaspace       used 12648K, capacity 12752K, committed 12928K, reserved 1060864K
  class space    used 1871K, capacity 1904K, committed 1920K, reserved 1048576K
}
Event: 558,691 GC heap before
{Heap before GC invocations=447 (full 7):
 PSYoungGen      total 479744K, used 472544K [0x00000000e1780000, 0x0000000100000000, 0x0000000100000000)
  eden space 459264K, 100% used [0x00000000e1780000,0x00000000fd800000,0x00000000fd800000)
  from space 20480K, 64% used [0x00000000fd800000,0x00000000fe4f8000,0x00000000fec00000)
  to   space 20480K, 0% used [0x00000000fec00000,0x00000000fec00000,0x0000000100000000)
 ParOldGen       total 706048K, used 693109K [0x00000000a4600000, 0x00000000cf780000, 0x00000000e1780000)
  object space 706048K, 98% used [0x00000000a4600000,0x00000000ceadd7e0,0x00000000cf780000)
 Metaspace       used 12648K, capacity 12752K, committed 12928K, reserved 1060864K
  class space    used 1871K, capacity 1904K, committed 1920K, reserved 1048576K
Event: 558,743 GC heap after
Heap after GC invocations=447 (full 7):
 PSYoungGen      total 479744K, used 11808K [0x00000000e1780000, 0x0000000100000000, 0x0000000100000000)
  eden space 459264K, 0% used [0x00000000e1780000,0x00000000e1780000,0x00000000fd800000)
  from space 20480K, 57% used [0x00000000fec00000,0x00000000ff788000,0x0000000100000000)
  to   space 20480K, 0% used [0x00000000fd800000,0x00000000fd800000,0x00000000fec00000)
 ParOldGen       total 706048K, used 696045K [0x00000000a4600000, 0x00000000cf780000, 0x00000000e1780000)
  object space 706048K, 98% used [0x00000000a4600000,0x00000000cedbb7e0,0x00000000cf780000)
 Metaspace       used 12648K, capacity 12752K, committed 12928K, reserved 1060864K
  class space    used 1871K, capacity 1904K, committed 1920K, reserved 1048576K
}
Event: 559,814 GC heap before
{Heap before GC invocations=448 (full 7):
 PSYoungGen      total 479744K, used 471072K [0x00000000e1780000, 0x0000000100000000, 0x0000000100000000)
  eden space 459264K, 100% used [0x00000000e1780000,0x00000000fd800000,0x00000000fd800000)
  from space 20480K, 57% used [0x00000000fec00000,0x00000000ff788000,0x0000000100000000)
  to   space 20480K, 0% used [0x00000000fd800000,0x00000000fd800000,0x00000000fec00000)
 ParOldGen       total 706048K, used 696045K [0x00000000a4600000, 0x00000000cf780000, 0x00000000e1780000)
  object space 706048K, 98% used [0x00000000a4600000,0x00000000cedbb7e0,0x00000000cf780000)
 Metaspace       used 12648K, capacity 12752K, committed 12928K, reserved 1060864K
  class space    used 1871K, capacity 1904K, committed 1920K, reserved 1048576K
Event: 559,859 GC heap after
Heap after GC invocations=448 (full 7):
 PSYoungGen      total 470016K, used 10368K [0x00000000e1780000, 0x00000000ffe00000, 0x0000000100000000)
  eden space 459264K, 0% used [0x00000000e1780000,0x00000000e1780000,0x00000000fd800000)
  from space 10752K, 96% used [0x00000000fd800000,0x00000000fe220000,0x00000000fe280000)
  to   space 19456K, 0% used [0x00000000feb00000,0x00000000feb00000,0x00000000ffe00000)
 ParOldGen       total 706048K, used 698941K [0x00000000a4600000, 0x00000000cf780000, 0x00000000e1780000)
  object space 706048K, 98% used [0x00000000a4600000,0x00000000cf08f7e0,0x00000000cf780000)
 Metaspace       used 12648K, capacity 12752K, committed 12928K, reserved 1060864K
  class space    used 1871K, capacity 1904K, committed 1920K, reserved 1048576K
}
Event: 560,954 GC heap before
{Heap before GC invocations=449 (full 7):
 PSYoungGen      total 470016K, used 469632K [0x00000000e1780000, 0x00000000ffe00000, 0x0000000100000000)
  eden space 459264K, 100% used [0x00000000e1780000,0x00000000fd800000,0x00000000fd800000)
  from space 10752K, 96% used [0x00000000fd800000,0x00000000fe220000,0x00000000fe280000)
  to   space 19456K, 0% used [0x00000000feb00000,0x00000000feb00000,0x00000000ffe00000)
 ParOldGen       total 706048K, used 698941K [0x00000000a4600000, 0x00000000cf780000, 0x00000000e1780000)
  object space 706048K, 98% used [0x00000000a4600000,0x00000000cf08f7e0,0x00000000cf780000)
 Metaspace       used 12648K, capacity 12752K, committed 12928K, reserved 1060864K
  class space    used 1871K, capacity 1904K, committed 1920K, reserved 1048576K
Event: 561,008 GC heap after
Heap after GC invocations=449 (full 7):
 PSYoungGen      total 479744K, used 8960K [0x00000000e1780000, 0x0000000100000000, 0x0000000100000000)
  eden space 460288K, 0% used [0x00000000e1780000,0x00000000e1780000,0x00000000fd900000)
  from space 19456K, 46% used [0x00000000feb00000,0x00000000ff3c0000,0x00000000ffe00000)
  to   space 18432K, 0% used [0x00000000fd900000,0x00000000fd900000,0x00000000feb00000)
 ParOldGen       total 706048K, used 701957K [0x00000000a4600000, 0x00000000cf780000, 0x00000000e1780000)
  object space 706048K, 99% used [0x00000000a4600000,0x00000000cf3817e0,0x00000000cf780000)
 Metaspace       used 12648K, capacity 12752K, committed 12928K, reserved 1060864K
  class space    used 1871K, capacity 1904K, committed 1920K, reserved 1048576K
}
Event: 561,008 GC heap before
{Heap before GC invocations=450 (full 8):
 PSYoungGen      total 479744K, used 8960K [0x00000000e1780000, 0x0000000100000000, 0x0000000100000000)
  eden space 460288K, 0% used [0x00000000e1780000,0x00000000e1780000,0x00000000fd900000)
  from space 19456K, 46% used [0x00000000feb00000,0x00000000ff3c0000,0x00000000ffe00000)
  to   space 18432K, 0% used [0x00000000fd900000,0x00000000fd900000,0x00000000feb00000)
 ParOldGen       total 706048K, used 701957K [0x00000000a4600000, 0x00000000cf780000, 0x00000000e1780000)
  object space 706048K, 99% used [0x00000000a4600000,0x00000000cf3817e0,0x00000000cf780000)
 Metaspace       used 12648K, capacity 12752K, committed 12928K, reserved 1060864K
  class space    used 1871K, capacity 1904K, committed 1920K, reserved 1048576K

